[    0.000000] Linux version 4.15.0-212-generic (buildd@lcy02-amd64-083) (gcc version 7.5.0 (Ubuntu 7.5.0-3ubuntu1~18.04)) #223-Ubuntu SMP Tue May 23 13:09:22 UTC 2023 (Ubuntu 4.15.0-212.223-generic 4.15.18)
[    0.000000] Command line: BOOT_IMAGE=/boot/vmlinuz-4.15.0-212-generic root=LABEL=cloudimg-rootfs ro console=tty1 console=ttyS0
[    0.000000] KERNEL supported cpus:
[    0.000000]   Intel GenuineIntel
[    0.000000]   AMD AuthenticAMD
[    0.000000]   Centaur CentaurHauls
[    0.000000] x86/fpu: Supporting XSAVE feature 0x001: 'x87 floating point registers'
[    0.000000] x86/fpu: Supporting XSAVE feature 0x002: 'SSE registers'
[    0.000000] x86/fpu: Supporting XSAVE feature 0x004: 'AVX registers'
[    0.000000] x86/fpu: xstate_offset[2]:  576, xstate_sizes[2]:  256
[    0.000000] x86/fpu: Enabled xstate features 0x7, context size is 832 bytes, using 'standard' format.
[    0.000000] e820: BIOS-provided physical RAM map:
[    0.000000] BIOS-e820: [mem 0x0000000000000000-0x000000000009fbff] usable
[    0.000000] BIOS-e820: [mem 0x000000000009fc00-0x000000000009ffff] reserved
[    0.000000] BIOS-e820: [mem 0x00000000000f0000-0x00000000000fffff] reserved
[    0.000000] BIOS-e820: [mem 0x0000000000100000-0x00000000dffeffff] usable
[    0.000000] BIOS-e820: [mem 0x00000000dfff0000-0x00000000dfffffff] ACPI data
[    0.000000] BIOS-e820: [mem 0x00000000fec00000-0x00000000fec00fff] reserved
[    0.000000] BIOS-e820: [mem 0x00000000fee00000-0x00000000fee00fff] reserved
[    0.000000] BIOS-e820: [mem 0x00000000fffc0000-0x00000000ffffffff] reserved
[    0.000000] BIOS-e820: [mem 0x0000000100000000-0x000000011b7fffff] usable
[    0.000000] NX (Execute Disable) protection: active
[    0.000000] SMBIOS 2.5 present.
[    0.000000] DMI: innotek GmbH VirtualBox/VirtualBox, BIOS VirtualBox 12/01/2006
[    0.000000] Hypervisor detected: KVM
[    0.000000] e820: last_pfn = 0x11b800 max_arch_pfn = 0x400000000
[    0.000000] MTRR: Disabled
[    0.000000] x86/PAT: MTRRs disabled, skipping PAT initialization too.
[    0.000000] CPU MTRRs all blank - virtualized system.
[    0.000000] x86/PAT: Configuration [0-7]: WB  WT  UC- UC  WB  WT  UC- UC  
[    0.000000] e820: last_pfn = 0xdfff0 max_arch_pfn = 0x400000000
[    0.000000] found SMP MP-table at [mem 0x0009fff0-0x0009ffff]
[    0.000000] Scanning 1 areas for low memory corruption
[    0.000000] RAMDISK: [mem 0x359cb000-0x36cdcfff]
[    0.000000] ACPI: Early table checksum verification disabled
[    0.000000] ACPI: RSDP 0x00000000000E0000 000024 (v02 VBOX  )
[    0.000000] ACPI: XSDT 0x00000000DFFF0030 00003C (v01 VBOX   VBOXXSDT 00000001 ASL  00000061)
[    0.000000] ACPI: FACP 0x00000000DFFF00F0 0000F4 (v04 VBOX   VBOXFACP 00000001 ASL  00000061)
[    0.000000] ACPI: DSDT 0x00000000DFFF0620 002353 (v02 VBOX   VBOXBIOS 00000002 INTL 20230628)
[    0.000000] ACPI: FACS 0x00000000DFFF0200 000040
[    0.000000] ACPI: FACS 0x00000000DFFF0200 000040
[    0.000000] ACPI: APIC 0x00000000DFFF0240 00006C (v02 VBOX   VBOXAPIC 00000001 ASL  00000061)
[    0.000000] ACPI: SSDT 0x00000000DFFF02B0 00036C (v01 VBOX   VBOXCPUT 00000002 INTL 20230628)
[    0.000000] ACPI: Reserving FACP table memory at [mem 0xdfff00f0-0xdfff01e3]
[    0.000000] ACPI: Reserving DSDT table memory at [mem 0xdfff0620-0xdfff2972]
[    0.000000] ACPI: Reserving FACS table memory at [mem 0xdfff0200-0xdfff023f]
[    0.000000] ACPI: Reserving FACS table memory at [mem 0xdfff0200-0xdfff023f]
[    0.000000] ACPI: Reserving APIC table memory at [mem 0xdfff0240-0xdfff02ab]
[    0.000000] ACPI: Reserving SSDT table memory at [mem 0xdfff02b0-0xdfff061b]
[    0.000000] No NUMA configuration found
[    0.000000] Faking a node at [mem 0x0000000000000000-0x000000011b7fffff]
[    0.000000] NODE_DATA(0) allocated [mem 0x11b7d5000-0x11b7fffff]
[    0.000000] kvm-clock: cpu 0, msr 1:1b754001, primary cpu clock
[    0.000000] kvm-clock: Using msrs 4b564d01 and 4b564d00
[    0.000000] kvm-clock: using sched offset of 3160212835 cycles
[    0.000000] clocksource: kvm-clock: mask: 0xffffffffffffffff max_cycles: 0x1cd42e4dffb, max_idle_ns: 881590591483 ns
[    0.000000] Zone ranges:
[    0.000000]   DMA      [mem 0x0000000000001000-0x0000000000ffffff]
[    0.000000]   DMA32    [mem 0x0000000001000000-0x00000000ffffffff]
[    0.000000]   Normal   [mem 0x0000000100000000-0x000000011b7fffff]
[    0.000000]   Device   empty
[    0.000000] Movable zone start for each node
[    0.000000] Early memory node ranges
[    0.000000]   node   0: [mem 0x0000000000001000-0x000000000009efff]
[    0.000000]   node   0: [mem 0x0000000000100000-0x00000000dffeffff]
[    0.000000]   node   0: [mem 0x0000000100000000-0x000000011b7fffff]
[    0.000000] Reserved but unavailable: 104 pages
[    0.000000] Initmem setup node 0 [mem 0x0000000000001000-0x000000011b7fffff]
[    0.000000] ACPI: PM-Timer IO Port: 0x4008
[    0.000000] IOAPIC[0]: apic_id 4, version 32, address 0xfec00000, GSI 0-23
[    0.000000] ACPI: INT_SRC_OVR (bus 0 bus_irq 0 global_irq 2 dfl dfl)
[    0.000000] ACPI: INT_SRC_OVR (bus 0 bus_irq 9 global_irq 9 low level)
[    0.000000] Using ACPI (MADT) for SMP configuration information
[    0.000000] smpboot: Allowing 4 CPUs, 0 hotplug CPUs
[    0.000000] PM: Registered nosave memory: [mem 0x00000000-0x00000fff]
[    0.000000] PM: Registered nosave memory: [mem 0x0009f000-0x0009ffff]
[    0.000000] PM: Registered nosave memory: [mem 0x000a0000-0x000effff]
[    0.000000] PM: Registered nosave memory: [mem 0x000f0000-0x000fffff]
[    0.000000] PM: Registered nosave memory: [mem 0xdfff0000-0xdfffffff]
[    0.000000] PM: Registered nosave memory: [mem 0xe0000000-0xfebfffff]
[    0.000000] PM: Registered nosave memory: [mem 0xfec00000-0xfec00fff]
[    0.000000] PM: Registered nosave memory: [mem 0xfec01000-0xfedfffff]
[    0.000000] PM: Registered nosave memory: [mem 0xfee00000-0xfee00fff]
[    0.000000] PM: Registered nosave memory: [mem 0xfee01000-0xfffbffff]
[    0.000000] PM: Registered nosave memory: [mem 0xfffc0000-0xffffffff]
[    0.000000] e820: [mem 0xe0000000-0xfebfffff] available for PCI devices
[    0.000000] Booting paravirtualized kernel on KVM
[    0.000000] clocksource: refined-jiffies: mask: 0xffffffff max_cycles: 0xffffffff, max_idle_ns: 7645519600211568 ns
[    0.000000] setup_percpu: NR_CPUS:8192 nr_cpumask_bits:4 nr_cpu_ids:4 nr_node_ids:1
[    0.000000] percpu: Embedded 50 pages/cpu s167936 r8192 d28672 u524288
[    0.000000] PV qspinlock hash table entries: 256 (order: 0, 4096 bytes)
[    0.000000] Built 1 zonelists, mobility grouping on.  Total pages: 1013913
[    0.000000] Policy zone: Normal
[    0.000000] Kernel command line: BOOT_IMAGE=/boot/vmlinuz-4.15.0-212-generic root=LABEL=cloudimg-rootfs ro console=tty1 console=ttyS0
[    0.000000] Memory: 3939140K/4120120K available (12300K kernel code, 2477K rwdata, 4324K rodata, 2480K init, 2720K bss, 180980K reserved, 0K cma-reserved)
[    0.000000] SLUB: HWalign=64, Order=0-3, MinObjects=0, CPUs=4, Nodes=1
[    0.000000] Kernel/User page tables isolation: enabled
[    0.000000] ftrace: allocating 39508 entries in 155 pages
[    0.004000] Hierarchical RCU implementation.
[    0.004000] 	RCU restricting CPUs from NR_CPUS=8192 to nr_cpu_ids=4.
[    0.004000] 	Tasks RCU enabled.
[    0.004000] RCU: Adjusting geometry for rcu_fanout_leaf=16, nr_cpu_ids=4
[    0.004000] NR_IRQS: 524544, nr_irqs: 456, preallocated irqs: 16
[    0.004000] random: crng init done
[    0.004000] Console: colour VGA+ 80x25
[    0.004000] console [tty1] enabled
[    0.004000] console [ttyS0] enabled
[    0.004000] ACPI: Core revision 20170831
[    0.004000] ACPI: 2 ACPI AML tables successfully acquired and loaded
[    0.004000] APIC: Switch to symmetric I/O mode setup
[    0.004000] x2apic enabled
[    0.004000] Switched APIC routing to physical x2apic.
[    0.004000] ..TIMER: vector=0x30 apic1=0 pin1=2 apic2=-1 pin2=-1
[    0.004000] tsc: Detected 2194.998 MHz processor
[    0.004000] Calibrating delay loop (skipped) preset value.. 4389.99 BogoMIPS (lpj=8779992)
[    0.004000] pid_max: default: 32768 minimum: 301
[    0.004000] Security Framework initialized
[    0.004000] Yama: becoming mindful.
[    0.004000] AppArmor: AppArmor initialized
[    0.004000] Dentry cache hash table entries: 524288 (order: 10, 4194304 bytes)
[    0.004000] Inode-cache hash table entries: 262144 (order: 9, 2097152 bytes)
[    0.004000] Mount-cache hash table entries: 8192 (order: 4, 65536 bytes)
[    0.004000] Mountpoint-cache hash table entries: 8192 (order: 4, 65536 bytes)
[    0.004000] Last level iTLB entries: 4KB 64, 2MB 8, 4MB 8
[    0.004000] Last level dTLB entries: 4KB 64, 2MB 0, 4MB 0, 1GB 4
[    0.004000] Spectre V1 : Mitigation: usercopy/swapgs barriers and __user pointer sanitization
[    0.004000] Spectre V2 : Mitigation: Retpolines
[    0.004000] Spectre V2 : Spectre v2 / SpectreRSB mitigation: Filling RSB on context switch
[    0.004000] Spectre V2 : Spectre v2 / SpectreRSB : Filling RSB on VMEXIT
[    0.004000] Speculative Store Bypass: Vulnerable
[    0.004000] MDS: Mitigation: Clear CPU buffers
[    0.004000] MMIO Stale Data: Mitigation: Clear CPU buffers
[    0.004000] Freeing SMP alternatives memory: 36K
[    0.121865] APIC calibration not consistent with PM-Timer: 109ms instead of 100ms
[    0.123203] APIC delta adjusted to PM-Timer: 6479142 (7069345)
[    0.124055] smpboot: CPU0: Intel(R) Xeon(R) CPU E5-2696 v4 @ 2.20GHz (family: 0x6, model: 0x4f, stepping: 0x1)
[    0.125715] Performance Events: unsupported p6 CPU model 79 no PMU driver, software events only.
[    0.127207] Hierarchical SRCU implementation.
[    0.128450] NMI watchdog: Perf event create on CPU 0 failed with -2
[    0.129894] NMI watchdog: Perf NMI watchdog permanently disabled
[    0.131050] smp: Bringing up secondary CPUs ...
[    0.132071] x86: Booting SMP configuration:
[    0.132869] .... node  #0, CPUs:      #1
[    0.004000] kvm-clock: cpu 1, msr 1:1b754041, secondary cpu clock
[    0.138544]  #2
[    0.004000] kvm-clock: cpu 2, msr 1:1b754081, secondary cpu clock
[    0.143437]  #3
[    0.004000] kvm-clock: cpu 3, msr 1:1b7540c1, secondary cpu clock
[    0.148037] smp: Brought up 1 node, 4 CPUs
[    0.148728] smpboot: Max logical packages: 1
[    0.149419] smpboot: Total of 4 processors activated (17559.98 BogoMIPS)
[    0.150823] devtmpfs: initialized
[    0.152070] x86/mm: Memory block size: 128MB
[    0.153270] evm: security.selinux
[    0.153948] evm: security.SMACK64
[    0.154591] evm: security.SMACK64EXEC
[    0.155256] evm: security.SMACK64TRANSMUTE
[    0.156004] evm: security.SMACK64MMAP
[    0.156735] evm: security.apparmor
[    0.157691] evm: security.ima
[    0.158323] evm: security.capability
[    0.158996] clocksource: jiffies: mask: 0xffffffff max_cycles: 0xffffffff, max_idle_ns: 7645041785100000 ns
[    0.160021] futex hash table entries: 1024 (order: 4, 65536 bytes)
[    0.161180] pinctrl core: initialized pinctrl subsystem
[    0.162276] RTC time:  4:11:06, date: 06/26/24
[    0.164146] NET: Registered protocol family 16
[    0.165072] audit: initializing netlink subsys (disabled)
[    0.166017] audit: type=2000 audit(1719375070.699:1): state=initialized audit_enabled=0 res=1
[    0.168012] cpuidle: using governor ladder
[    0.168936] cpuidle: using governor menu
[    0.169761] ACPI: bus type PCI registered
[    0.172003] acpiphp: ACPI Hot Plug PCI Controller Driver version: 0.5
[    0.173181] PCI: Using configuration type 1 for base access
[    0.174144] HugeTLB registered 2.00 MiB page size, pre-allocated 0 pages
[    0.176104] ACPI: Added _OSI(Module Device)
[    0.177035] ACPI: Added _OSI(Processor Device)
[    0.177966] ACPI: Added _OSI(3.0 _SCP Extensions)
[    0.178850] ACPI: Added _OSI(Processor Aggregator Device)
[    0.180004] ACPI: Added _OSI(Linux-Dell-Video)
[    0.180864] ACPI: Added _OSI(Linux-Lenovo-NV-HDMI-Audio)
[    0.181726] ACPI: Added _OSI(Linux-HPI-Hybrid-Graphics)
[    0.182929] ACPI: Executed 1 blocks of module-level executable AML code
[    0.188183] ACPI: Interpreter enabled
[    0.188915] ACPI: (supports S0 S5)
[    0.189611] ACPI: Using IOAPIC for interrupt routing
[    0.191379] PCI: Using host bridge windows from ACPI; if necessary, use "pci=nocrs" and report a bug
[    0.192173] ACPI: Enabled 2 GPEs in block 00 to 07
[    0.200000] ACPI: PCI Root Bridge [PCI0] (domain 0000 [bus 00-ff])
[    0.200010] acpi PNP0A03:00: _OSC: OS supports [ASPM ClockPM Segments MSI]
[    0.201649] acpi PNP0A03:00: _OSC: not requesting OS control; OS requires [ExtendedConfig ASPM ClockPM MSI]
[    0.204013] acpi PNP0A03:00: fail to add MMCONFIG information, can't access extended PCI configuration space under this bridge.
[    0.206681] PCI host bridge to bus 0000:00
[    0.208004] pci_bus 0000:00: root bus resource [io  0x0000-0x0cf7 window]
[    0.209265] pci_bus 0000:00: root bus resource [io  0x0d00-0xffff window]
[    0.210645] pci_bus 0000:00: root bus resource [mem 0x000a0000-0x000bffff window]
[    0.212000] pci_bus 0000:00: root bus resource [mem 0xe0000000-0xfdffffff window]
[    0.212003] pci_bus 0000:00: root bus resource [bus 00-ff]
[    0.214414] pci 0000:00:01.1: legacy IDE quirk: reg 0x10: [io  0x01f0-0x01f7]
[    0.216003] pci 0000:00:01.1: legacy IDE quirk: reg 0x14: [io  0x03f6]
[    0.217253] pci 0000:00:01.1: legacy IDE quirk: reg 0x18: [io  0x0170-0x0177]
[    0.218607] pci 0000:00:01.1: legacy IDE quirk: reg 0x1c: [io  0x0376]
[    0.264944] pci 0000:00:07.0: quirk: [io  0x4000-0x403f] claimed by PIIX4 ACPI
[    0.268019] pci 0000:00:07.0: quirk: [io  0x4100-0x410f] claimed by PIIX4 SMB
[    0.302186] ACPI: PCI Interrupt Link [LNKA] (IRQs 5 9 10 *11)
[    0.304417] ACPI: PCI Interrupt Link [LNKB] (IRQs 5 9 *10 11)
[    0.306146] ACPI: PCI Interrupt Link [LNKC] (IRQs 5 *9 10 11)
[    0.308170] ACPI: PCI Interrupt Link [LNKD] (IRQs 5 9 10 *11)
[    0.310219] SCSI subsystem initialized
[    0.312063] pci 0000:00:02.0: vgaarb: setting as boot VGA device
[    0.313677] pci 0000:00:02.0: vgaarb: VGA device added: decodes=io+mem,owns=io+mem,locks=none
[    0.316007] pci 0000:00:02.0: vgaarb: bridge control possible
[    0.317547] vgaarb: loaded
[    0.320033] ACPI: bus type USB registered
[    0.321311] usbcore: registered new interface driver usbfs
[    0.322944] usbcore: registered new interface driver hub
[    0.324015] usbcore: registered new device driver usb
[    0.325564] EDAC MC: Ver: 3.0.0
[    0.325564] PCI: Using ACPI for IRQ routing
[    0.328399] NetLabel: Initializing
[    0.329455] NetLabel:  domain hash size = 128
[    0.330811] NetLabel:  protocols = UNLABELED CIPSOv4 CALIPSO
[    0.332042] NetLabel:  unlabeled traffic allowed by default
[    0.333634] clocksource: Switched to clocksource kvm-clock
[    0.340174] VFS: Disk quotas dquot_6.6.0
[    0.340174] VFS: Dquot-cache hash table entries: 512 (order 0, 4096 bytes)
[    0.340174] AppArmor: AppArmor Filesystem Enabled
[    0.340174] pnp: PnP ACPI init
[    0.340174] pnp: PnP ACPI: found 3 devices
[    0.365120] clocksource: acpi_pm: mask: 0xffffff max_cycles: 0xffffff, max_idle_ns: 2085701024 ns
[    0.366833] NET: Registered protocol family 2
[    0.367914] IP idents hash table entries: 65536 (order: 7, 524288 bytes)
[    0.369912] TCP established hash table entries: 32768 (order: 6, 262144 bytes)
[    0.371805] TCP bind hash table entries: 32768 (order: 7, 524288 bytes)
[    0.373107] TCP: Hash tables configured (established 32768 bind 32768)
[    0.374181] UDP hash table entries: 2048 (order: 4, 65536 bytes)
[    0.375225] UDP-Lite hash table entries: 2048 (order: 4, 65536 bytes)
[    0.376318] NET: Registered protocol family 1
[    0.377050] pci 0000:00:00.0: Limiting direct PCI/PCI transfers
[    0.377050] pci 0000:00:01.0: Activating ISA DMA hang workarounds
[    0.377050] pci 0000:00:02.0: Video device with shadowed ROM at [mem 0x000c0000-0x000dffff]
[    0.377050] Unpacking initramfs...
[    0.648285] Freeing initrd memory: 19528K
[    0.648285] PCI-DMA: Using software bounce buffering for IO (SWIOTLB)
[    0.648285] software IO TLB: mapped [mem 0xdbff0000-0xdfff0000] (64MB)
[    0.648285] clocksource: tsc: mask: 0xffffffffffffffff max_cycles: 0x1fa3bd86668, max_idle_ns: 440795255832 ns
[    0.648285] platform rtc_cmos: registered platform RTC device (no PNP device found)
[    0.648285] Scanning for low memory corruption every 60 seconds
[    0.686050] Initialise system trusted keyrings
[    0.686876] Key type blacklist registered
[    0.687950] workingset: timestamp_bits=36 max_order=20 bucket_order=0
[    0.690234] zbud: loaded
[    0.691443] squashfs: version 4.0 (2009/01/31) Phillip Lougher
[    0.693031] fuse init (API version 7.26)
[    0.698653] Key type asymmetric registered
[    0.699550] Asymmetric key parser 'x509' registered
[    0.700464] Block layer SCSI generic (bsg) driver version 0.4 loaded (major 246)
[    0.701945] io scheduler noop registered
[    0.702840] io scheduler deadline registered
[    0.703845] io scheduler cfq registered (default)
[    0.705447] ACPI: AC Adapter [AC] (on-line)
[    0.706361] input: Power Button as /devices/LNXSYSTM:00/LNXPWRBN:00/input/input0
[    0.707871] ACPI: Power Button [PWRF]
[    0.708862] input: Sleep Button as /devices/LNXSYSTM:00/LNXSLPBN:00/input/input1
[    0.710455] ACPI: Sleep Button [SLPF]
[    0.711951] Serial: 8250/16550 driver, 32 ports, IRQ sharing enabled
(irq = 4, bae_baud = 115200) is a 16550A
[    1.614278] Linux agpgart interface v0.103
[    1.617851] loop: module loaded
[    1.619412] scsi host0: ata_piix
[    1.620417] scsi host1: ata_piix
[    1.621135] ata1: PATA max UDMA/33 cmd 0x1f0 ctl 0x3f6 bmdma 0xd000 irq 14
[    1.622469] ata2: PATA max UDMA/33 cmd 0x170 ctl 0x376 bmdma 0xd008 irq 15
[    1.623700] tun: Universal TUN/TAP device driver, 1.6
[    1.624861] PPP generic driver version 2.4.2
[    1.625852] ehci_hcd: USB 2.0 'Enhanced' Host Controller (EHCI) Driver
[    1.627034] ehci-pci: EHCI PCI platform driver
[    1.627847] ehci-platform: EHCI generic platform driver
[    1.628754] ohci_hcd: USB 1.1 'Open' Host Controller (OHCI) Driver
[    1.629821] ohci-pci: OHCI PCI platform driver
[    1.629821] ohci-platform: OHCI generic platform driver
[    1.629821] uhci_hcd: USB Universal Host Controller Interface driver
[    1.629821] i8042: PNP: PS/2 Controller [PNP0303:PS2K,PNP0f03:PS2M] at 0x60,0x64 irq 1,12
[    1.629821] serio: i8042 KBD port at 0x60,0x64 irq 1
[    1.629821] serio: i8042 AUX port at 0x60,0x64 irq 12
[    1.637043] mousedev: PS/2 mouse device common for all mice
[    1.638982] input: AT Translated Set 2 keyboard as /devices/platform/i8042/serio0/input/input2
[    1.640113] rtc_cmos rtc_cmos: rtc core: registered rtc_cmos as rtc0
[    1.643436] rtc_cmos rtc_cmos: alarms up to one day, 114 bytes nvram
[    1.644069] i2c /dev entries driver
[    1.644069] device-mapper: uevent: version 1.0.3
[    1.649495] device-mapper: ioctl: 4.37.0-ioctl (2017-09-20) initialised: dm-devel@redhat.com
[    1.653385] ledtrig-cpu: registered to indicate activity on CPUs
[    1.656835] NET: Registered protocol family 10
[    1.666938] Segment Routing with IPv6
[    1.668936] NET: Registered protocol family 17
[    1.670837] Key type dns_resolver registered
[    1.673201] mce: Using 0 MCE banks
[    1.674643] RAS: Correctable Errors collector initialized.
[    1.676731] sched_clock: Marking stable (1676682767, 0)->(1897443895, -220761128)
[    1.680668] registered taskstats version 1
[    1.682331] Loading compiled-in X.509 certificates
[    1.689017] Loaded X.509 cert 'Build time autogenerated kernel key: b5b26778eaa3ab3a4a6cee031137706e947d12ad'
[    1.694331] Loaded X.509 cert 'Canonical Ltd. Live Patch Signing: 14df34d1a87cf37625abec039ef2bf521249b969'
[    1.699490] Loaded X.509 cert 'Canonical Ltd. Kernel Module Signing: 88f752e560a1e0737e31163a466ad7b70a850c19'
[    1.703688] blacklist: Loading compiled-in revocation X.509 certificates
[    1.706334] Loaded X.509 cert 'Canonical Ltd. Secure Boot Signing: 61482aa2830d0ab2ad5af10b7250da9033ddcef0'
[    1.710089] Loaded X.509 cert 'Canonical Ltd. Secure Boot Signing (2017): 242ade75ac4a15e50d50c84b0d45ff3eae707a03'
[    1.713980] Loaded X.509 cert 'Canonical Ltd. Secure Boot Signing (ESM 2018): 365188c1d374d6b07c3c8f240f8ef722433d6a8b'
[    1.718233] Loaded X.509 cert 'Canonical Ltd. Secure Boot Signing (2019): c0746fd6c5da3ae827864651ad66ae47fe24b3e8'
[    1.722492] Loaded X.509 cert 'Canonical Ltd. Secure Boot Signing (2021 v1): a8d54bbb3825cfb94fa13c9f8a594a195c107b8d'
[    1.726410] Loaded X.509 cert 'Canonical Ltd. Secure Boot Signing (2021 v2): 4cf046892d6fd3c9a5b03f98d845f90851dc6a8c'
[    1.730475] Loaded X.509 cert 'Canonical Ltd. Secure Boot Signing (2021 v3): 100437bb6de6e469b581e61cd66bce3ef4ed53af'
[    1.734543] Loaded X.509 cert 'Canonical Ltd. Secure Boot Signing (Ubuntu Core 2019): c1d57b8f6b743f23ee41f4f7ee292f06eecadfb9'
[    1.738682] zswap: loaded using pool lzo/zbud
[    1.747458] Key type big_key registered
[    1.748936] Key type trusted registered
[    1.753709] Key type encrypted registered
[    1.755244] AppArmor: AppArmor sha1 policy hashing enabled
[    1.757241] ima: No TPM chip found, activating TPM-bypass! (rc=-19)
[    1.759357] ima: Allocated hash algorithm: sha1
[    1.761043] evm: HMAC attrs: 0x1
[    1.762654]   Magic number: 12:990:161
[    1.764275] rtc_cmos rtc_cmos: setting system clock to 2024-06-26 04:11:08 UTC (1719375068)
[    1.767132] BIOS EDD facility v0.16 2004-Jun-25, 0 devices found
[    1.769474] EDD information not available.
[    1.810094] Freeing unused kernel image memory: 2480K
[    2.620349] Write protecting the kernel read-only data: 20480k
[    2.624860] Freeing unused kernel image memory: 2008K
[    2.628130] Freeing unused kernel image memory: 1820K
[    2.646182] x86/mm: Checked W+X mappings: passed, no W+X pages found.
[    2.648985] x86/mm: Checking user space page tables
[    2.666820] x86/mm: Checked W+X mappings: passed, no W+X pages found.
Loading, please wait...
starting version 237
[    2.799465] e1000: Intel(R) PRO/1000 Network Driver - version 7.3.21-k8-NAPI
[    2.804280] e1000: Copyright (c) 1999-2006 Intel Corporation.
[    2.812641] Fusion MPT base driver 3.04.20
[    2.814541] Copyright (c) 1999-2008 LSI Corporation
[    2.830598] AVX2 version of gcm_enc/dec engaged.
[    2.832670] AES CTR mode by8 optimization enabled
[    2.840490] Fusion MPT SPI Host driver 3.04.20
[    3.038671] input: ImExPS/2 Generic Explorer Mouse as /devices/platform/i8042/serio1/input/input4
[    3.193537] e1000 0000:00:03.0 eth0: (PCI:33MHz:32-bit) 02:3b:7b:b7:3b:2d
[    3.195798] e1000 0000:00:03.0 eth0: Intel(R) PRO/1000 Network Connection
[    4.248395] e1000 0000:00:08.0 eth1: (PCI:33MHz:32-bit) 08:00:27:52:c6:98
[    4.250511] e1000 0000:00:08.0 eth1: Intel(R) PRO/1000 Network Connection
[    4.255014] e1000 0000:00:03.0 enp0s3: renamed from eth0
[    4.256229] mptbase: ioc0: Initiating bringup
[    4.287422] e1000 0000:00:08.0 enp0s8: renamed from eth1
[    4.368465] ioc0: LSI53C1030 A0: Capabilities={Initiator}
[    4.611449] scsi host2: ioc0: LSI53C1030 A0, FwRev=00000000h, Ports=1, MaxQ=256, IRQ=20
[    4.781231] scsi 2:0:0:0: Direct-Access     VBOX     HARDDISK         1.0  PQ: 0 ANSI: 5
[    4.820242] scsi target2:0:0: Beginning Domain Validation
[    4.825215] scsi target2:0:0: Domain Validation skipping write tests
[    4.828148] scsi target2:0:0: Ending Domain Validation
[    4.830705] scsi target2:0:0: asynchronous
[    4.833692] scsi 2:0:1:0: Direct-Access     VBOX     HARDDISK         1.0  PQ: 0 ANSI: 5
[    4.868227] scsi target2:0:1: Beginning Domain Validation
[    4.873119] scsi target2:0:1: Domain Validation skipping write tests
[    4.876095] scsi target2:0:1: Ending Domain Validation
[    4.878709] scsi target2:0:1: asynchronous
[    4.888548] sd 2:0:0:0: Attached scsi generic sg0 type 0
[    4.888642] sd 2:0:0:0: [sda] 83886080 512-byte logical blocks: (42.9 GB/40.0 GiB)
[    4.894550] sd 2:0:0:0: [sda] Write Protect is off
[    4.896791] sd 2:0:1:0: Attached scsi generic sg1 type 0
[    4.899546] sd 2:0:0:0: [sda] Incomplete mode parameter data
[    4.901993] sd 2:0:0:0: [sda] Assuming drive cache: write through
[    4.902051] sd 2:0:1:0: [sdb] 20480 512-byte logical blocks: (10.5 MB/10.0 MiB)
[    4.906911]  sda: sda1
[    4.909400] sd 2:0:1:0: [sdb] Write Protect is off
[    4.910278] sd 2:0:0:0: [sda] Attached SCSI disk
[    4.913856] sd 2:0:1:0: [sdb] Incomplete mode parameter data
[    4.916192] sd 2:0:1:0: [sdb] Assuming drive cache: write through
[    4.923418] sd 2:0:1:0: [sdb] Attached SCSI disk
Begin: Loading essential drivers ... [    6.704085] raid6: sse2x1   gen()  4773 MB/s
[    6.752505] raid6: sse2x1   xor()  4823 MB/s
[    6.800248] raid6: sse2x2   gen()  8648 MB/s
[    6.848159] raid6: sse2x2   xor()  5446 MB/s
[    6.896083] raid6: sse2x4   gen()  9980 MB/s
[    6.951899] raid6: sse2x4   xor()  7464 MB/s
[    7.000078] raid6: avx2x1   gen() 13608 MB/s
[    7.055954] raid6: avx2x1   xor() 11135 MB/s
[    7.116039] raid6: avx2x2   gen() 20356 MB/s
[    7.168229] raid6: avx2x2   xor() 10585 MB/s
[    7.220066] raid6: avx2x4   gen() 19895 MB/s
[    7.279927] raid6: avx2x4   xor() 14082 MB/s
[    7.281188] raid6: using algorithm avx2x2 gen() 20356 MB/s
[    7.282692] raid6: .... xor() 10585 MB/s, rmw enabled
[    7.284099] raid6: using avx2x2 recovery algorithm
[    7.287941] xor: automatically using best checksumming function   avx       
[    7.292631] async_tx: api initialized (async)
done.
Begin: Running /scripts/init-premount ... done.
Begin: Mounting root file system ... Begin: Running /scripts/local-top ... done.
Begin: Running /scripts/local-premount ... [    7.387656] Btrfs loaded, crc32c=crc32c-intel
Scanning for Btrfs filesystems
done.
Warning: fsck not present, so skipping root file system
[    7.436015] EXT4-fs (sda1): mounted filesystem with ordered data mode. Opts: (null)
done.
Begin: Running /scripts/local-bottom ... done.
Begin: Running /scripts/init-bottom ... done.
[    7.661099] ip_tables: (C) 2000-2006 Netfilter Core Team
[    7.677517] systemd[1]: systemd 237 running in system mode. (+PAM +AUDIT +SELINUX +IMA +APPARMOR +SMACK +SYSVINIT +UTMP +LIBCRYPTSETUP +GCRYPT +GNUTLS +ACL +XZ +LZ4 +SECCOMP +BLKID +ELFUTILS +KMOD -IDN2 +IDN -PCRE2 default-hierarchy=hybrid)
[    7.687828] systemd[1]: Detected virtualization oracle.
[    7.690310] systemd[1]: Detected architecture x86-64.

Welcome to [1mUbuntu 18.04.6 LTS[0m!

[    7.704722] systemd[1]: Set hostname to <ubuntu>.
[    7.709919] systemd[1]: Initializing machine ID from random generator.
[    7.712857] systemd[1]: Installed transient /etc/machine-id file.
[    8.629685] systemd[1]: Created slice User and Session Slice.
[[0;32m  OK  [0m] Created slice User and Session Slice.
[    8.633923] systemd[1]: Reached target System Time Synchronized.
[[0;32m  OK  [0m] Reached target System Time Synchronized.
[    8.637942] systemd[1]: Reached target User and Group Name Lookups.
[[0;32m  OK  [0m] Reached target User and Group Name Lookups.
[    8.642309] systemd[1]: Reached target Mounting snaps.
[[0;32m  OK  [0m] Reached target Mounting snaps.
[[0;32m  OK  [0m] Started Forward Password Requests to Wall Directory Watch.
[[0;32m  OK  [0m] Reached target Swap.
[[0;32m  OK  [0m] Set up automount Arbitrary Executab…rmats File System Automount Point.
[[0;32m  OK  [0m] Reached target Mounted snaps.
[[0;32m  OK  [0m] Created slice System Slice.
[[0;32m  OK  [0m] Listening on Journal Socket.
         Mounting POSIX Message Queue File System...
[[0;32m  OK  [0m] Listening on Device-mapper event daemon FIFOs.
[[0;32m  OK  [0m] Listening on LVM2 poll daemon socket.
[[0;32m  OK  [0m] Listening on Network Service Netlink Socket.
         Starting Set the console keyboard layout...
         Starting Load Kernel Modules...
[[0;32m  OK  [0m] Listening on fsck to fsckd communication Socket.
         Starting File System Check on Root Device...
         Starting Uncomplicated firewall...
         Mounting Kernel Debug File System...
[[0;32m  OK  [0m] Created slice system-serial\x2dgetty.slice.
[[0;32m  OK  [0m] Listening on LVM2 metadata daemon socket.
[    8.771599] Loading iSCSI transport class v2.0-870.
         Starting Create list of required st…ce nodes for the current kernel...
[[0;32m  OK  [0m] Listening on Syslog Socket.
[[0;32m  OK  [0m] Reached target Slices.
[[0;32m  OK  [0m] Listening on udev Kernel Socket.
[[0;32m  OK  [0m] Listening on /dev/initctl Compatibility Named Pipe.
         Mounting Huge Pages File System...
         Starting Monitoring of LVM2 mirrors…ng dmeventd or progress polling...
[[0;32m  OK  [0m] Listening on Journal Audit Socket.
[[0;32m  OK  [0m] Listening on Journal Socket (/dev/log).
         Starting Journal Service...
[[0;32m  OK  [0m] Listening on udev Control Socket.
         Starting udev Coldplug all Devices...
[[0;32m  OK  [0m] Mounted POSIX Message Queue File System.
[    8.809270] iscsi: registered transport (tcp)
[[0;32m  OK  [0m] Started File System Check on Root Device.
[[0;32m  OK  [0m] Started Uncomplicated firewall.
[[0;32m  OK  [0m] Mounted Kernel Debug File System.
[[0;32m  OK  [0m] Started Create list of required sta…vice nodes for the current kernel.
[[0;32m  OK  [0m] Mounted Huge Pages File System.
[[0;32m  OK  [0m] Started File System Check Daemon to report status.
         Starting Create Static Device Nodes in /dev...
         Starting Remount Root and Kernel File Systems...
[[0;32m  OK  [0m] Started LVM2 metadata daemon.
[    8.913428] iscsi: registered transport (iser)
[[0;32m  OK  [0m] Started Load Kernel Modules.
         Starting Apply Kernel Variables...
         Mounting FUSE Control File System...
         Mounting Kernel Configuration File System...
[[0;32m  OK  [0m] Started Journal Service.
[[0;32m  OK  [0m] Mounted FUSE Control File System.
[[0;32m  OK  [0m] Mounted Kernel Configuration File System.
[[0;32m  OK  [0m] Started Create Static Device Nodes in /dev.
[[0;32m  OK  [0m] Started udev Coldplug all Devices.
[[0;32m  OK  [0m] Started Remount Root and Kernel File Systems.
         Starting udev Kernel Device Manager...
         Starting Flush Journal to Persistent Storage...
         Starting Load/Save Random Seed...
[[0;32m  OK  [0m] Started Monitoring of LVM2 mirrors,…sing dmeventd or progress polling.
[[0;32m  OK  [0m] Started Apply Kernel Variables.
[[0;32m  OK  [0m] Started udev Kernel Device Manager.
[[0;32m  OK  [0m] Started Load/Save Random Seed.
[[0;32m  OK  [0m] Started Flush Journal to Persistent Storage.
[[0;32m  OK  [0m] Found device /dev/ttyS0.
[[0;32m  OK  [0m] Listening on Load/Save RF Kill Switch Status /dev/rfkill Watch.
         Mounting Arbitrary Executable File Formats File System...
[[0;32m  OK  [0m] Mounted Arbitrary Executable File Formats File System.
[[0;32m  OK  [0m] Started Set the console keyboard layout.
[[0;32m  OK  [0m] Started Dispatch Password Requests to Console Directory Watch.
[[0;32m  OK  [0m] Reached target Local Encrypted Volumes.
[[0;32m  OK  [0m] Reached target Local File Systems (Pre).
[[0;32m  OK  [0m] Reached target Local File Systems.
         Starting Commit a transient machine-id on disk...
         Starting Tell Plymouth To Write Out Runtime Data...
         Starting Set console font and keymap...
         Starting Create Volatile Files and Directories...
         Starting AppArmor initialization...
         Starting ebtables ruleset management...
[[0;32m  OK  [0m] Started Tell Plymouth To Write Out Runtime Data.
[[0;32m  OK  [0m] Started Create Volatile Files and Directories.
         Starting Update UTMP about System Boot/Shutdown...
[[0;32m  OK  [0m] Started Update UTMP about System Boot/Shutdown.
[[0;32m  OK  [0m] Started ebtables ruleset management.
[[0;32m  OK  [0m] Started Commit a transient machine-id on disk.
[[0;32m  OK  [0m] Started AppArmor initialization.
         Starting Load AppArmor profiles managed internally by snapd...
         Starting Initial cloud-init job (pre-networking)...
[[0;32m  OK  [0m] Started Load AppArmor profiles managed internally by snapd.
[[0;32m  OK  [0m] Started Set console font and keymap.
[   12.529829] cloud-init[727]: Cloud-init v. 23.1.2-0ubuntu0~18.04.1 running 'init-local' at Wed, 26 Jun 2024 04:11:18 +0000. Up 11.95 seconds.
[[0;32m  OK  [0m] Started Initial cloud-init job (pre-networking).
[[0;32m  OK  [0m] Reached target Network (Pre).
         Starting Network Service...
[[0;32m  OK  [0m] Started Network Service.
         Starting Wait for Network to be Configured...
         Starting Network Name Resolution...
[[0;32m  OK  [0m] Started Network Name Resolution.
[[0;32m  OK  [0m] Reached target Host and Network Name Lookups.
[[0;32m  OK  [0m] Reached target Network.
[[0;32m  OK  [0m] Started Wait for Network to be Configured.
         Starting Initial cloud-init job (metadata service crawler)...
[   14.913711] cloud-init[1019]: Cloud-init v. 23.1.2-0ubuntu0~18.04.1 running 'init' at Wed, 26 Jun 2024 04:11:21 +0000. Up 14.76 seconds.
[   14.916365] cloud-init[1019]: ci-info: ++++++++++++++++++++++++++++++++++++++Net device info+++++++++++++++++++++++++++++++++++++++
[   14.918981] cloud-init[1019]: ci-info: +--------+-------+----------------------------+---------------+--------+-------------------+
[   14.932338] cloud-init[1019]: ci-info: | Device |   Up  |          Address           |      Mask     | Scope  |     Hw-Address    |
[   14.934998] cloud-init[1019]: ci-info: +--------+-------+----------------------------+---------------+--------+-------------------+
[   14.937697] cloud-init[1019]: ci-info: | enp0s3 |  True |         10.0.2.15          | 255.255.255.0 | global | 02:3b:7b:b7:3b:2d |
[   14.940556] cloud-init[1019]: ci-info: | enp0s3 |  True | fe80::3b:7bff:feb7:3b2d/64 |       .       |  link  | 02:3b:7b:b7:3b:2d |
[   14.943142] cloud-init[1019]: ci-info: | enp0s8 | False |             .              |       .       |   .    | 08:00:27:52:c6:98 |
[   14.946002] cloud-init[1019]: ci-info: |   lo   |  True |         127.0.0.1          |   255.0.0.0   |  host  |         .         |
[   14.948500] cloud-init[1019]: ci-info: |   lo   |  True |          ::1/128           |       .       |  host  |         .         |
[   14.951134] cloud-init[1019]: ci-info: +--------+-------+----------------------------+---------------+--------+-------------------+
[   14.964374] cloud-init[1019]: ci-info: ++++++++++++++++++++++++++++Route IPv4 info+++++++++++++++++++++++++++++
[   14.976544] cloud-init[1019]: ci-info: +-------+-------------+----------+-----------------+-----------+-------+
[   14.978435] cloud-init[1019]: ci-info: | Route | Destination | Gateway  |     Genmask     | Interface | Flags |
[   14.992371] cloud-init[1019]: ci-info: +-------+-------------+----------+-----------------+-----------+-------+
[   14.994218] cloud-init[1019]: ci-info: |   0   |   0.0.0.0   | 10.0.2.2 |     0.0.0.0     |   enp0s3  |   UG  |
[   14.996327] cloud-init[1019]: ci-info: |   1   |   10.0.2.0  | 0.0.0.0  |  255.255.255.0  |   enp0s3  |   U   |
[   14.998538] cloud-init[1019]: ci-info: |   2   |   10.0.2.2  | 0.0.0.0  | 255.255.255.255 |   enp0s3  |   UH  |
[   15.000701] cloud-init[1019]: ci-info: +-------+-------------+----------+-----------------+-----------+-------+
[   15.012404] cloud-init[1019]: ci-info: +++++++++++++++++++Route IPv6 info+++++++++++++++++++
[   15.013663] cloud-init[1019]: ci-info: +-------+-------------+---------+-----------+-------+
[   15.015077] cloud-init[1019]: ci-info: | Route | Destination | Gateway | Interface | Flags |
[   15.016614] cloud-init[1019]: ci-info: +-------+-------------+---------+-----------+-------+
[   15.018199] cloud-init[1019]: ci-info: |   1   |  fe80::/64  |    ::   |   enp0s3  |   U   |
[   15.028340] cloud-init[1019]: ci-info: |   3   |    local    |    ::   |   enp0s3  |   U   |
[   15.029575] cloud-init[1019]: ci-info: |   4   |   ff00::/8  |    ::   |   enp0s3  |   U   |
[   15.031041] cloud-init[1019]: ci-info: +-------+-------------+---------+-----------+-------+
[   16.086668] cloud-init[1019]: Generating public/private rsa key pair.
[   16.088419] cloud-init[1019]: Your identification has been saved in /etc/ssh/ssh_host_rsa_key.
[   16.090400] cloud-init[1019]: Your public key has been saved in /etc/ssh/ssh_host_rsa_key.pub.
[   16.092601] cloud-init[1019]: The key fingerprint is:
[   16.093857] cloud-init[1019]: SHA256:Cpwgmfv4lpPzlDPl1bpBwMFX/tNrgq6pWXvrb0BTWrc root@ubuntu-bionic
[   16.095935] cloud-init[1019]: The key's randomart image is:
[   16.116370] cloud-init[1019]: +---[RSA 2048]----+
[   16.117259] cloud-init[1019]: |     ..  ..      |
[   16.118412] cloud-init[1019]: | o   .....  o .  |
[   16.119256] cloud-init[1019]: |+ .   o.  .+ . . |
[   16.120442] cloud-init[1019]: | o o . . .+. .E  |
[   16.121709] cloud-init[1019]: |.   + . S...o .  |
[   16.122921] cloud-init[1019]: | o   = + ... . . |
[   16.124214] cloud-init[1019]: |. .o= o + ... o  |
[   16.125314] cloud-init[1019]: | .*. o o *. .o   |
[   16.126323] cloud-init[1019]: | ..+. o.=+++.    |
[   16.127411] cloud-init[1019]: +----[SHA256]-----+
[   16.128611] cloud-init[1019]: Generating public/private dsa key pair.
[   16.130310] cloud-init[1019]: Your identification has been saved in /etc/ssh/ssh_host_dsa_key.
[   16.132314] cloud-init[1019]: Your public key has been saved in /etc/ssh/ssh_host_dsa_key.pub.
[   16.134280] cloud-init[1019]: The key fingerprint is:
[   16.135491] cloud-init[1019]: SHA256:12DpAlQbSA2ijyJ6snaOakODQrOQeZPfIPmTVpJtmjQ root@ubuntu-bionic
[   16.137471] cloud-init[1019]: The key's randomart image is:
[   16.138800] cloud-init[1019]: +---[DSA 1024]----+
[   16.139995] cloud-init[1019]: |    ..+=o        |
[   16.141087] cloud-init[1019]: |   . o. .o .     |
[   16.142083] cloud-init[1019]: | o.o o. . +      |
[   16.143000] cloud-init[1019]: |+o*oE +. o o     |
[   16.143897] cloud-init[1019]: |*.+*.@  S o .    |
[   16.144875] cloud-init[1019]: |==  O .  o       |
[   16.145904] cloud-init[1019]: |= o. .           |
[   16.146869] cloud-init[1019]: | B..             |
[   16.147752] cloud-init[1019]: |*.+.             |
[   16.148752] cloud-init[1019]: +----[SHA256]-----+
[   16.149672] cloud-init[1019]: Generating public/private ecdsa key pair.
[   16.151054] cloud-init[1019]: Your identification has been saved in /etc/ssh/ssh_host_ecdsa_key.
[   16.152739] cloud-init[1019]: Your public key has been saved in /etc/ssh/ssh_host_ecdsa_key.pub.
[   16.154385] cloud-init[1019]: The key fingerprint is:
[   16.155422] cloud-init[1019]: SHA256:N/C1/9i0u9eZ90u3+oiVitIGEgDzA1tXdrr9BBoSCF0 root@ubuntu-bionic
[   16.157118] cloud-init[1019]: The key's randomart image is:
[   16.158236] cloud-init[1019]: +---[ECDSA 256]---+
[   16.159135] cloud-init[1019]: | =+.oE.o .       |
[   16.159846] cloud-init[1019]: |  *+. o o        |
[   16.160637] cloud-init[1019]: | . o.. o..  .    |
[   16.161638] cloud-init[1019]: |    ... =o.. .   |
[   16.162542] cloud-init[1019]: |      .oS.+..    |
[   16.163503] cloud-init[1019]: |     . . .o. ..  |
[   16.184469] cloud-init[1019]: |      . o  . o..*|
[   16.206320] cloud-init[1019]: |       . o. + oBB|
[[0;32m  OK  [0m] Started Initial cloud-init job (metadata service crawler).
[   16.216381] cloud-init[1019]: |        o. o o+B@|
[[0;32m  OK  [0m] Reached target Cloud-config availability.
[[   16.228493] cloud-init[1019]: +----[SHA256]-----+
[   16.229591] cloud-init[1019]: Generating public/private ed25519 key pair.
[   16.230068] cloud-init[1019]: Your identification has been saved in /etc/ssh/ssh_host_ed25519_key.
[   16.230720] cloud-init[1019]: Your public key has been saved in /etc/ssh/ssh_host_ed25519_key.pub.
[   16.231499] cloud-init[1019]: The key fingerprint is:
[   16.232488] cloud-init[1019]: SHA256:vXqOUlYTx0siyP5d2xulTMWteX2P78Tk8pUih7w+t+A root@ubuntu-bionic
[   16.233654] cloud-init[1019]: The key's randomart image is:
[   16.234479] cloud-init[1019]: +--[ED25519 256]--+
[   16.235276] cloud-init[1019]: |     . .   .   ..|
[   16.236042] cloud-init[1019]: |      o . o +   +|
[   16.236730] cloud-init[1019]: |     .   . = . +.|
[   16.237526] cloud-init[1019]: |      .  .o o + =|
[   16.238320] cloud-init[1019]: |       .So.o = =+|
[   16.238722] cloud-init[1019]: |        + o.o *+o|
[   16.239585] cloud-init[1019]: |       o  .= o.==|
[   16.240594] cloud-init[1019]: |      .  oo.=.o+o|
[   16.240988] cloud-init[1019]: |       .oooEo...o|
[   16.241557] cloud-init[1019]: +----[SHA256]-----+
[0;32m  OK  [0m] Reached target Network is Online.
         Starting Availability of block devices...
[[0;32m  OK  [0m] Reached target Remote File Systems (Pre).
[[0;32m  OK  [0m] Reached target Remote File Systems.
[[0;32m  OK  [0m] Reached target System Initialization.
[[0;32m  OK  [0m] Started Daily Cleanup of Temporary Directories.
[[0;32m  OK  [0m] Listening on ACPID Listen Socket.
[[0;32m  OK  [0m] Started Discard unused blocks once a week.
[[0;32m  OK  [0m] Listening on D-Bus System Message Bus Socket.
[[0;32m  OK  [0m] Listening on Open-iSCSI iscsid Socket.
[[0;32m  OK  [0m] Started Message of the Day.
[[0;32m  OK  [0m] Listening on cloud-init hotplug hook socket.
[[0;32m  OK  [0m] Started Daily apt download activities.
[[0;32m  OK  [0m] Started Daily apt upgrade and clean activities.
[[0;32m  OK  [0m] Listening on UUID daemon activation socket.
         Starting Socket activation for snappy daemon.
[[0;32m  OK  [0m] Started ACPI Events Check.
[[0;32m  OK  [0m] Reached target Paths.
[[0;32m  OK  [0m] Started Ubuntu Advantage Timer for running repeated jobs.
[[0;32m  OK  [0m] Reached target Timers.
         Starting LXD - unix socket.
[[0;32m  OK  [0m] Started Availability of block devices.
[[0;32m  OK  [0m] Listening on Socket activation for snappy daemon.
[[0;32m  OK  [0m] Listening on LXD - unix socket.
[[0;32m  OK  [0m] Reached target Sockets.
[[0;32m  OK  [0m] Reached target Basic System.
         Starting System Logging Service...
         Starting Accounts Service...
[[0;32m  OK  [0m] Started D-Bus System Message Bus.
         Starting Login Service...
         Starting Dispatcher daemon for systemd-networkd...
[[0;32m  OK  [0m] Started Deferred execution scheduler.
[[0;32m  OK  [0m] Started Regular background program processing daemon.
[[0;32m  OK  [0m] Reached target Login Prompts (Pre).
         Starting Permit User Sessions...
         Starting LSB: automatic crash report generation...
         Starting LSB: Record successful boot for GRUB...
[[0;32m  OK  [0m] Started irqbalance daemon.
         Starting LXD - container startup/shutdown...
[[0;32m  OK  [0m] Started FUSE filesystem for LXC.
         Starting Virtualbox guest utils...
         Starting Pollinate to seed the pseudo random number generator...
         Starting Snap Daemon...
[[0;32m  OK  [0m] Started System Logging Service.
[[0;32m  OK  [0m] Started Permit User Sessions.
[[0;32m  OK  [0m] Started Login Service.
[[0;32m  OK  [0m] Started Unattended Upgrades Shutdown.
         Starting Hold until boot process finishes up...
         Starting Terminate Plymouth Boot Screen...
[[0;32m  OK  [0m] Started Hold until boot process finishes up.
[[0;32m  OK  [0m] Started LSB: automatic crash report generation.
[[0;32m  OK  [0m] Started Terminate Plymouth Boot Screen.
         Starting Authorization Manager...
         Starting Set console scheme...
[[0;32m  OK  [0m] Started Serial Getty on ttyS0.
[[0;32m  OK  [0m] Started LSB: Record successful boot for GRUB.
[[0;32m  OK  [0m] Started Set console scheme.
[[0;32m  OK  [0m] Created slice system-getty.slice.
[[0;32m  OK  [0m] Started Getty on tty1.
[[0;32m  OK  [0m] Reached target Login Prompts.
[[0;32m  OK  [0m] Started Authorization Manager.
[[0;32m  OK  [0m] Started Accounts Service.
[[0;32m  OK  [0m] Started Virtualbox guest utils.
[[0;32m  OK  [0m] Started LXD - container startup/shutdown.
[[0;32m  OK  [0m] Started Dispatcher daemon for systemd-networkd.
[[0;32m  OK  [0m] Started Snap Daemon.
         Starting Wait until snapd is fully seeded...
         Starting Time & Date Service...
[[0;32m  OK  [0m] Started Pollinate to seed the pseudo random number generator.
         Starting OpenBSD Secure Shell server...
[[0;32m  OK  [0m] Started Time & Date Service.
[[0;32m  OK  [0m] Started OpenBSD Secure Shell server.
[[0;32m  OK  [0m] Created slice User Slice of vagrant.
         Starting User Manager for UID 1000...
[[0;32m  OK  [0m] Started Session 1 of user vagrant.
[[0;32m  OK  [0m] Started User Manager for UID 1000.

Ubuntu 18.04.6 LTS ubuntu-bionic ttyS0

ubuntu-bionic login: [   23.179328] cloud-init[1757]: Cloud-init v. 23.1.2-0ubuntu0~18.04.1 running 'modules:config' at Wed, 26 Jun 2024 04:11:29 +0000. Up 22.64 seconds.
ci-info: no authorized SSH keys fingerprints found for user ubuntu.
<14>Jun 26 04:11:30 cloud-init: #############################################################
<14>Jun 26 04:11:30 cloud-init: -----BEGIN SSH HOST KEY FINGERPRINTS-----
<14>Jun 26 04:11:30 cloud-init: 1024 SHA256:12DpAlQbSA2ijyJ6snaOakODQrOQeZPfIPmTVpJtmjQ root@ubuntu-bionic (DSA)
<14>Jun 26 04:11:30 cloud-init: 256 SHA256:N/C1/9i0u9eZ90u3+oiVitIGEgDzA1tXdrr9BBoSCF0 root@ubuntu-bionic (ECDSA)
<14>Jun 26 04:11:30 cloud-init: 256 SHA256:vXqOUlYTx0siyP5d2xulTMWteX2P78Tk8pUih7w+t+A root@ubuntu-bionic (ED25519)
<14>Jun 26 04:11:30 cloud-init: 2048 SHA256:Cpwgmfv4lpPzlDPl1bpBwMFX/tNrgq6pWXvrb0BTWrc root@ubuntu-bionic (RSA)
<14>Jun 26 04:11:30 cloud-init: -----END SSH HOST KEY FINGERPRINTS-----
<14>Jun 26 04:11:30 cloud-init: #############################################################
-----BEGIN SSH HOST KEY KEYS-----
ecdsa-sha2-nistp256 AAAAE2VjZHNhLXNoYTItbmlzdHAyNTYAAAAIbmlzdHAyNTYAAABBBJ73kvGXXU6tmSbVxGgY7ToqsJDxXtIv9GAEdbDaNBzxpQNVJrMtxwPZf1tQN1ENGW/8c2DxDc1U1bqvwkDxybI= root@ubuntu-bionic
ssh-ed25519 AAAAC3NzaC1lZDI1NTE5AAAAIEYT9t9dTkNp2o7VLs+n8H6+yUSt6aZhV8lG5WQU6gpG root@ubuntu-bionic
ssh-rsa AAAAB3NzaC1yc2EAAAADAQABAAABAQDIga7TnOdC1ijICUQHR8b36B7Zteyl/eV78nk43g94p0Jw8L8Ci+em+U+8ancGdeepo8ZDjdjBamGG/t6QXp1ImJorsGGabNHXiU+JDn9+6SKk3835URKASOe/9UpBlzEpTRMKC/s75cdgOtiPxhu2kvZOpQ2biiQ5qKAfy/AO0S95FRmhVc4r7GUxSoZ5BdLaqUiD590kan0gGuaXXKTw3XLsYryz+6/pSDlEA+riRzzE6Zl//9/dKh8XngpyP//+kibdhGIxyObyZhr+Vb1bN78PiK3ESHrNUWJqgM5GiU0lplBEqLlJ2JHGYVuZ/3zv3FYOEkz6jGiFjKmTP6jV root@ubuntu-bionic
-----END SSH HOST KEY KEYS-----
[   24.058053] cloud-init[1883]: Cloud-init v. 23.1.2-0ubuntu0~18.04.1 running 'modules:final' at Wed, 26 Jun 2024 04:11:30 +0000. Up 23.82 seconds.
[   24.058238] cloud-init[1883]: Cloud-init v. 23.1.2-0ubuntu0~18.04.1 finished at Wed, 26 Jun 2024 04:11:30 +0000. Datasource DataSourceNoCloud [seed=/dev/sdb][dsmode=net].  Up 24.03 seconds
